# JRE version: OpenJDK Runtime Environment (8.0_202-b53) (build 1.8.0_202-release-1483-b53)
# Java VM: OpenJDK 64-Bit Server VM (25.202-b53 mixed mode windows-amd64 compressed oops)
Heap:
 par new generation   total 39296K, used 34189K [0x00000000d1200000, 0x00000000d3ca0000, 0x00000000e0c00000)
  eden space 34944K,  92% used [0x00000000d1200000, 0x00000000d31a62e8, 0x00000000d3420000)
  from space 4352K,  40% used [0x00000000d3860000, 0x00000000d3a1d1a0, 0x00000000d3ca0000)
  to   space 4352K,   0% used [0x00000000d3420000, 0x00000000d3420000, 0x00000000d3860000)
 concurrent mark-sweep generation total 94068K, used 79914K [0x00000000e0c00000, 0x00000000e67dd000, 0x0000000100000000)
 Metaspace       used 175189K, capacity 186723K, committed 186868K, reserved 1210368K
  class space    used 22866K, capacity 25226K, committed 25288K, reserved 1048576K
GC Heap History (10 events):
Event: 53.985 GC heap before
{Heap before GC invocations=22 (full 4):
 par new generation   total 39296K, used 39296K [0x00000000d1200000, 0x00000000d3ca0000, 0x00000000e0c00000)
  eden space 34944K, 100% used [0x00000000d1200000, 0x00000000d3420000, 0x00000000d3420000)
  from space 4352K, 100% used [0x00000000d3420000, 0x00000000d3860000, 0x00000000d3860000)
  to   space 4352K,   0% used [0x00000000d3860000, 0x00000000d3860000, 0x00000000d3ca0000)
 concurrent mark-sweep generation total 94068K, used 69874K [0x00000000e0c00000, 0x00000000e67dd000, 0x0000000100000000)
 Metaspace       used 172014K, capacity 183195K, committed 183412K, reserved 1208320K
  class space    used 22507K, capacity 24808K, committed 24904K, reserved 1048576K
Event: 53.994 GC heap after
Heap after GC invocations=23 (full 4):
 par new generation   total 39296K, used 4352K [0x00000000d1200000, 0x00000000d3ca0000, 0x00000000e0c00000)
  eden space 34944K,   0% used [0x00000000d1200000, 0x00000000d1200000, 0x00000000d3420000)
  from space 4352K, 100% used [0x00000000d3860000, 0x00000000d3ca0000, 0x00000000d3ca0000)
  to   space 4352K,   0% used [0x00000000d3420000, 0x00000000d3420000, 0x00000000d3860000)
 concurrent mark-sweep generation total 94068K, used 75812K [0x00000000e0c00000, 0x00000000e67dd000, 0x0000000100000000)
 Metaspace       used 172014K, capacity 183195K, committed 183412K, reserved 1208320K
  class space    used 22507K, capacity 24808K, committed 24904K, reserved 1048576K
}
Event: 67.756 GC heap before
{Heap before GC invocations=23 (full 4):
 par new generation   total 39296K, used 39296K [0x00000000d1200000, 0x00000000d3ca0000, 0x00000000e0c00000)
  eden space 34944K, 100% used [0x00000000d1200000, 0x00000000d3420000, 0x00000000d3420000)
  from space 4352K, 100% used [0x00000000d3860000, 0x00000000d3ca0000, 0x00000000d3ca0000)
  to   space 4352K,   0% used [0x00000000d3420000, 0x00000000d3420000, 0x00000000d3860000)
 concurrent mark-sweep generation total 94068K, used 75812K [0x00000000e0c00000, 0x00000000e67dd000, 0x0000000100000000)
 Metaspace       used 174934K, capacity 186469K, committed 186484K, reserved 1210368K
  class space    used 22849K, capacity 25149K, committed 25160K, reserved 1048576K
Event: 67.763 GC heap after
Heap after GC invocations=24 (full 4):
 par new generation   total 39296K, used 4046K [0x00000000d1200000, 0x00000000d3ca0000, 0x00000000e0c00000)
  eden space 34944K,   0% used [0x00000000d1200000, 0x00000000d1200000, 0x00000000d3420000)
  from space 4352K,  92% used [0x00000000d3420000, 0x00000000d3813898, 0x00000000d3860000)
  to   space 4352K,   0% used [0x00000000d3860000, 0x00000000d3860000, 0x00000000d3ca0000)
 concurrent mark-sweep generation total 94068K, used 79914K [0x00000000e0c00000, 0x00000000e67dd000, 0x0000000100000000)
 Metaspace       used 174934K, capacity 186469K, committed 186484K, reserved 1210368K
  class space    used 22849K, capacity 25149K, committed 25160K, reserved 1048576K
}
Event: 240.253 GC heap before
{Heap before GC invocations=24 (full 4):
 par new generation   total 39296K, used 38990K [0x00000000d1200000, 0x00000000d3ca0000, 0x00000000e0c00000)
  eden space 34944K, 100% used [0x00000000d1200000, 0x00000000d3420000, 0x00000000d3420000)
  from space 4352K,  92% used [0x00000000d3420000, 0x00000000d3813898, 0x00000000d3860000)
  to   space 4352K,   0% used [0x00000000d3860000, 0x00000000d3860000, 0x00000000d3ca0000)
 concurrent mark-sweep generation total 94068K, used 79914K [0x00000000e0c00000, 0x00000000e67dd000, 0x0000000100000000)
 Metaspace       used 175022K, capacity 186565K, committed 186868K, reserved 1210368K
  class space    used 22854K, capacity 25181K, committed 25288K, reserved 1048576K
Event: 240.257 GC heap after
Heap after GC invocations=25 (full 4):
 par new generation   total 39296K, used 1888K [0x00000000d1200000, 0x00000000d3ca0000, 0x00000000e0c00000)
  eden space 34944K,   0% used [0x00000000d1200000, 0x00000000d1200000, 0x00000000d3420000)
  from space 4352K,  43% used [0x00000000d3860000, 0x00000000d3a38348, 0x00000000d3ca0000)
  to   space 4352K,   0% used [0x00000000d3420000, 0x00000000d3420000, 0x00000000d3860000)
 concurrent mark-sweep generation total 94068K, used 79914K [0x00000000e0c00000, 0x00000000e67dd000, 0x0000000100000000)
 Metaspace       used 175022K, capacity 186565K, committed 186868K, reserved 1210368K
  class space    used 22854K, capacity 25181K, committed 25288K, reserved 1048576K
}
Event: 384.871 GC heap before
{Heap before GC invocations=25 (full 4):
 par new generation   total 39296K, used 36832K [0x00000000d1200000, 0x00000000d3ca0000, 0x00000000e0c00000)
  eden space 34944K, 100% used [0x00000000d1200000, 0x00000000d3420000, 0x00000000d3420000)
  from space 4352K,  43% used [0x00000000d3860000, 0x00000000d3a38348, 0x00000000d3ca0000)
  to   space 4352K,   0% used [0x00000000d3420000, 0x00000000d3420000, 0x00000000d3860000)
 concurrent mark-sweep generation total 94068K, used 79914K [0x00000000e0c00000, 0x00000000e67dd000, 0x0000000100000000)
 Metaspace       used 175130K, capacity 186659K, committed 186868K, reserved 1210368K
  class space    used 22861K, capacity 25188K, committed 25288K, reserved 1048576K
Event: 384.877 GC heap after
Heap after GC invocations=26 (full 4):
 par new generation   total 39296K, used 2042K [0x00000000d1200000, 0x00000000d3ca0000, 0x00000000e0c00000)
  eden space 34944K,   0% used [0x00000000d1200000, 0x00000000d1200000, 0x00000000d3420000)
  from space 4352K,  46% used [0x00000000d3420000, 0x00000000d361e868, 0x00000000d3860000)
  to   space 4352K,   0% used [0x00000000d3860000, 0x00000000d3860000, 0x00000000d3ca0000)
 concurrent mark-sweep generation total 94068K, used 79914K [0x00000000e0c00000, 0x00000000e67dd000, 0x0000000100000000)
 Metaspace       used 175130K, capacity 186659K, committed 186868K, reserved 1210368K
  class space    used 22861K, capacity 25188K, committed 25288K, reserved 1048576K
}
Event: 559.013 GC heap before
{Heap before GC invocations=26 (full 4):
 par new generation   total 39296K, used 36986K [0x00000000d1200000, 0x00000000d3ca0000, 0x00000000e0c00000)
  eden space 34944K, 100% used [0x00000000d1200000, 0x00000000d3420000, 0x00000000d3420000)
  from space 4352K,  46% used [0x00000000d3420000, 0x00000000d361e868, 0x00000000d3860000)
  to   space 4352K,   0% used [0x00000000d3860000, 0x00000000d3860000, 0x00000000d3ca0000)
 concurrent mark-sweep generation total 94068K, used 79914K [0x00000000e0c00000, 0x00000000e67dd000, 0x0000000100000000)
 Metaspace       used 175148K, capacity 186659K, committed 186868K, reserved 1210368K
  class space    used 22861K, capacity 25188K, committed 25288K, reserved 1048576K
Event: 559.017 GC heap after
Heap after GC invocations=27 (full 4):
 par new generation   total 39296K, used 1780K [0x00000000d1200000, 0x00000000d3ca0000, 0x00000000e0c00000)
  eden space 34944K,   0% used [0x00000000d1200000, 0x00000000d1200000, 0x00000000d3420000)
  from space 4352K,  40% used [0x00000000d3860000, 0x00000000d3a1d1a0, 0x00000000d3ca0000)
  to   space 4352K,   0% used [0x00000000d3420000, 0x00000000d3420000, 0x00000000d3860000)
 concurrent mark-sweep generation total 94068K, used 79914K [0x00000000e0c00000, 0x00000000e67dd000, 0x0000000100000000)
 Metaspace       used 175148K, capacity 186659K, committed 186868K, reserved 1210368K
  class space    used 22861K, capacity 25188K, committed 25288K, reserved 1048576K
}

